[2019-01-06 20:36:27] local.ERROR: Method Illuminate\Database\Schema\Blueprint::stirng does not exist. {"exception":"[object] (BadMethodCallException(code: 0): Method Illuminate\\Database\\Schema\\Blueprint::stirng does not exist. at /home/darwin/Documents/proyects/consejo/laravel/tol/vendor/laravel/framework/src/Illuminate/Support/Traits/Macroable.php:100)
[stacktrace]
#0 /home/darwin/Documents/proyects/consejo/laravel/tol/database/migrations/2019_01_06_195021_create_noticias_table.php(19): Illuminate\\Database\\Schema\\Blueprint->__call('stirng', Array)
#1 /home/darwin/Documents/proyects/consejo/laravel/tol/vendor/laravel/framework/src/Illuminate/Database/Schema/Builder.php(164): CreateNoticiasTable->{closure}(Object(Illuminate\\Database\\Schema\\Blueprint))
#2 /home/darwin/Documents/proyects/consejo/laravel/tol/vendor/laravel/framework/src/Illuminate/Support/helpers.php(1027): Illuminate\\Database\\Schema\\Builder->Illuminate\\Database\\Schema\\{closure}(Object(Illuminate\\Database\\Schema\\Blueprint))
#3 /home/darwin/Documents/proyects/consejo/laravel/tol/vendor/laravel/framework/src/Illuminate/Database/Schema/Builder.php(165): tap(Object(Illuminate\\Database\\Schema\\Blueprint), Object(Closure))
#4 /home/darwin/Documents/proyects/consejo/laravel/tol/vendor/laravel/framework/src/Illuminate/Support/Facades/Facade.php(223): Illuminate\\Database\\Schema\\Builder->create('noticias', Object(Closure))
#5 /home/darwin/Documents/proyects/consejo/laravel/tol/database/migrations/2019_01_06_195021_create_noticias_table.php(25): Illuminate\\Support\\Facades\\Facade::__callStatic('create', Array)
#6 /home/darwin/Documents/proyects/consejo/laravel/tol/vendor/laravel/framework/src/Illuminate/Database/Migrations/Migrator.php(360): CreateNoticiasTable->up()
#7 /home/darwin/Documents/proyects/consejo/laravel/tol/vendor/laravel/framework/src/Illuminate/Database/Migrations/Migrator.php(367): Illuminate\\Database\\Migrations\\Migrator->Illuminate\\Database\\Migrations\\{closure}()
#8 /home/darwin/Documents/proyects/consejo/laravel/tol/vendor/laravel/framework/src/Illuminate/Database/Migrations/Migrator.php(178): Illuminate\\Database\\Migrations\\Migrator->runMigration(Object(CreateNoticiasTable), 'up')
#9 /home/darwin/Documents/proyects/consejo/laravel/tol/vendor/laravel/framework/src/Illuminate/Database/Migrations/Migrator.php(147): Illuminate\\Database\\Migrations\\Migrator->runUp('/home/darwin/Do...', 6, false)
#10 /home/darwin/Documents/proyects/consejo/laravel/tol/vendor/laravel/framework/src/Illuminate/Database/Migrations/Migrator.php(96): Illuminate\\Database\\Migrations\\Migrator->runPending(Array, Array)
#11 /home/darwin/Documents/proyects/consejo/laravel/tol/vendor/laravel/framework/src/Illuminate/Database/Console/Migrations/MigrateCommand.php(71): Illuminate\\Database\\Migrations\\Migrator->run(Array, Array)
#12 [internal function]: Illuminate\\Database\\Console\\Migrations\\MigrateCommand->handle()
#13 /home/darwin/Documents/proyects/consejo/laravel/tol/vendor/laravel/framework/src/Illuminate/Container/BoundMethod.php(29): call_user_func_array(Array, Array)
#14 /home/darwin/Documents/proyects/consejo/laravel/tol/vendor/laravel/framework/src/Illuminate/Container/BoundMethod.php(87): Illuminate\\Container\\BoundMethod::Illuminate\\Container\\{closure}()
#15 /home/darwin/Documents/proyects/consejo/laravel/tol/vendor/laravel/framework/src/Illuminate/Container/BoundMethod.php(31): Illuminate\\Container\\BoundMethod::callBoundMethod(Object(Illuminate\\Foundation\\Application), Array, Object(Closure))
#16 /home/darwin/Documents/proyects/consejo/laravel/tol/vendor/laravel/framework/src/Illuminate/Container/Container.php(572): Illuminate\\Container\\BoundMethod::call(Object(Illuminate\\Foundation\\Application), Array, Array, NULL)
#17 /home/darwin/Documents/proyects/consejo/laravel/tol/vendor/laravel/framework/src/Illuminate/Console/Command.php(183): Illuminate\\Container\\Container->call(Array)
#18 /home/darwin/Documents/proyects/consejo/laravel/tol/vendor/symfony/console/Command/Command.php(255): Illuminate\\Console\\Command->execute(Object(Symfony\\Component\\Console\\Input\\ArgvInput), Object(Illuminate\\Console\\OutputStyle))
#19 /home/darwin/Documents/proyects/consejo/laravel/tol/vendor/laravel/framework/src/Illuminate/Console/Command.php(170): Symfony\\Component\\Console\\Command\\Command->run(Object(Symfony\\Component\\Console\\Input\\ArgvInput), Object(Illuminate\\Console\\OutputStyle))
#20 /home/darwin/Documents/proyects/consejo/laravel/tol/vendor/symfony/console/Application.php(901): Illuminate\\Console\\Command->run(Object(Symfony\\Component\\Console\\Input\\ArgvInput), Object(Symfony\\Component\\Console\\Output\\ConsoleOutput))
#21 /home/darwin/Documents/proyects/consejo/laravel/tol/vendor/symfony/console/Application.php(262): Symfony\\Component\\Console\\Application->doRunCommand(Object(Illuminate\\Database\\Console\\Migrations\\MigrateCommand), Object(Symfony\\Component\\Console\\Input\\ArgvInput), Object(Symfony\\Component\\Console\\Output\\ConsoleOutput))
#22 /home/darwin/Documents/proyects/consejo/laravel/tol/vendor/symfony/console/Application.php(145): Symfony\\Component\\Console\\Application->doRun(Object(Symfony\\Component\\Console\\Input\\ArgvInput), Object(Symfony\\Component\\Console\\Output\\ConsoleOutput))
#23 /home/darwin/Documents/proyects/consejo/laravel/tol/vendor/laravel/framework/src/Illuminate/Console/Application.php(89): Symfony\\Component\\Console\\Application->run(Object(Symfony\\Component\\Console\\Input\\ArgvInput), Object(Symfony\\Component\\Console\\Output\\ConsoleOutput))
#24 /home/darwin/Documents/proyects/consejo/laravel/tol/vendor/laravel/framework/src/Illuminate/Foundation/Console/Kernel.php(122): Illuminate\\Console\\Application->run(Object(Symfony\\Component\\Console\\Input\\ArgvInput), Object(Symfony\\Component\\Console\\Output\\ConsoleOutput))
#25 /home/darwin/Documents/proyects/consejo/laravel/tol/artisan(37): Illuminate\\Foundation\\Console\\Kernel->handle(Object(Symfony\\Component\\Console\\Input\\ArgvInput), Object(Symfony\\Component\\Console\\Output\\ConsoleOutput))
#26 {main}
"} 
[2019-01-06 20:36:44] local.ERROR: SQLSTATE[HY000]: General error: 1215 Cannot add foreign key constraint (SQL: alter table `noticias` add constraint `noticias_image_id_foreign` foreign key (`image_id`) references `images` (`id`)) {"exception":"[object] (Illuminate\\Database\\QueryException(code: HY000): SQLSTATE[HY000]: General error: 1215 Cannot add foreign key constraint (SQL: alter table `noticias` add constraint `noticias_image_id_foreign` foreign key (`image_id`) references `images` (`id`)) at /home/darwin/Documents/proyects/consejo/laravel/tol/vendor/laravel/framework/src/Illuminate/Database/Connection.php:664, PDOException(code: HY000): SQLSTATE[HY000]: General error: 1215 Cannot add foreign key constraint at /home/darwin/Documents/proyects/consejo/laravel/tol/vendor/laravel/framework/src/Illuminate/Database/Connection.php:458)
[stacktrace]
#0 /home/darwin/Documents/proyects/consejo/laravel/tol/vendor/laravel/framework/src/Illuminate/Database/Connection.php(624): Illuminate\\Database\\Connection->runQueryCallback('alter table `no...', Array, Object(Closure))
#1 /home/darwin/Documents/proyects/consejo/laravel/tol/vendor/laravel/framework/src/Illuminate/Database/Connection.php(459): Illuminate\\Database\\Connection->run('alter table `no...', Array, Object(Closure))
#2 /home/darwin/Documents/proyects/consejo/laravel/tol/vendor/laravel/framework/src/Illuminate/Database/Schema/Blueprint.php(97): Illuminate\\Database\\Connection->statement('alter table `no...')
#3 /home/darwin/Documents/proyects/consejo/laravel/tol/vendor/laravel/framework/src/Illuminate/Database/Schema/Builder.php(264): Illuminate\\Database\\Schema\\Blueprint->build(Object(Illuminate\\Database\\MySqlConnection), Object(Illuminate\\Database\\Schema\\Grammars\\MySqlGrammar))
#4 /home/darwin/Documents/proyects/consejo/laravel/tol/vendor/laravel/framework/src/Illuminate/Database/Schema/Builder.php(165): Illuminate\\Database\\Schema\\Builder->build(Object(Illuminate\\Database\\Schema\\Blueprint))
#5 /home/darwin/Documents/proyects/consejo/laravel/tol/vendor/laravel/framework/src/Illuminate/Support/Facades/Facade.php(223): Illuminate\\Database\\Schema\\Builder->create('noticias', Object(Closure))
#6 /home/darwin/Documents/proyects/consejo/laravel/tol/database/migrations/2019_01_06_195021_create_noticias_table.php(25): Illuminate\\Support\\Facades\\Facade::__callStatic('create', Array)
#7 /home/darwin/Documents/proyects/consejo/laravel/tol/vendor/laravel/framework/src/Illuminate/Database/Migrations/Migrator.php(360): CreateNoticiasTable->up()
#8 /home/darwin/Documents/proyects/consejo/laravel/tol/vendor/laravel/framework/src/Illuminate/Database/Migrations/Migrator.php(367): Illuminate\\Database\\Migrations\\Migrator->Illuminate\\Database\\Migrations\\{closure}()
#9 /home/darwin/Documents/proyects/consejo/laravel/tol/vendor/laravel/framework/src/Illuminate/Database/Migrations/Migrator.php(178): Illuminate\\Database\\Migrations\\Migrator->runMigration(Object(CreateNoticiasTable), 'up')
#10 /home/darwin/Documents/proyects/consejo/laravel/tol/vendor/laravel/framework/src/Illuminate/Database/Migrations/Migrator.php(147): Illuminate\\Database\\Migrations\\Migrator->runUp('/home/darwin/Do...', 6, false)
#11 /home/darwin/Documents/proyects/consejo/laravel/tol/vendor/laravel/framework/src/Illuminate/Database/Migrations/Migrator.php(96): Illuminate\\Database\\Migrations\\Migrator->runPending(Array, Array)
#12 /home/darwin/Documents/proyects/consejo/laravel/tol/vendor/laravel/framework/src/Illuminate/Database/Console/Migrations/MigrateCommand.php(71): Illuminate\\Database\\Migrations\\Migrator->run(Array, Array)
#13 [internal function]: Illuminate\\Database\\Console\\Migrations\\MigrateCommand->handle()
#14 /home/darwin/Documents/proyects/consejo/laravel/tol/vendor/laravel/framework/src/Illuminate/Container/BoundMethod.php(29): call_user_func_array(Array, Array)
#15 /home/darwin/Documents/proyects/consejo/laravel/tol/vendor/laravel/framework/src/Illuminate/Container/BoundMethod.php(87): Illuminate\\Container\\BoundMethod::Illuminate\\Container\\{closure}()
#16 /home/darwin/Documents/proyects/consejo/laravel/tol/vendor/laravel/framework/src/Illuminate/Container/BoundMethod.php(31): Illuminate\\Container\\BoundMethod::callBoundMethod(Object(Illuminate\\Foundation\\Application), Array, Object(Closure))
#17 /home/darwin/Documents/proyects/consejo/laravel/tol/vendor/laravel/framework/src/Illuminate/Container/Container.php(572): Illuminate\\Container\\BoundMethod::call(Object(Illuminate\\Foundation\\Application), Array, Array, NULL)
#18 /home/darwin/Documents/proyects/consejo/laravel/tol/vendor/laravel/framework/src/Illuminate/Console/Command.php(183): Illuminate\\Container\\Container->call(Array)
#19 /home/darwin/Documents/proyects/consejo/laravel/tol/vendor/symfony/console/Command/Command.php(255): Illuminate\\Console\\Command->execute(Object(Symfony\\Component\\Console\\Input\\ArgvInput), Object(Illuminate\\Console\\OutputStyle))
#20 /home/darwin/Documents/proyects/consejo/laravel/tol/vendor/laravel/framework/src/Illuminate/Console/Command.php(170): Symfony\\Component\\Console\\Command\\Command->run(Object(Symfony\\Component\\Console\\Input\\ArgvInput), Object(Illuminate\\Console\\OutputStyle))
#21 /home/darwin/Documents/proyects/consejo/laravel/tol/vendor/symfony/console/Application.php(901): Illuminate\\Console\\Command->run(Object(Symfony\\Component\\Console\\Input\\ArgvInput), Object(Symfony\\Component\\Console\\Output\\ConsoleOutput))
#22 /home/darwin/Documents/proyects/consejo/laravel/tol/vendor/symfony/console/Application.php(262): Symfony\\Component\\Console\\Application->doRunCommand(Object(Illuminate\\Database\\Console\\Migrations\\MigrateCommand), Object(Symfony\\Component\\Console\\Input\\ArgvInput), Object(Symfony\\Component\\Console\\Output\\ConsoleOutput))
#23 /home/darwin/Documents/proyects/consejo/laravel/tol/vendor/symfony/console/Application.php(145): Symfony\\Component\\Console\\Application->doRun(Object(Symfony\\Component\\Console\\Input\\ArgvInput), Object(Symfony\\Component\\Console\\Output\\ConsoleOutput))
#24 /home/darwin/Documents/proyects/consejo/laravel/tol/vendor/laravel/framework/src/Illuminate/Console/Application.php(89): Symfony\\Component\\Console\\Application->run(Object(Symfony\\Component\\Console\\Input\\ArgvInput), Object(Symfony\\Component\\Console\\Output\\ConsoleOutput))
#25 /home/darwin/Documents/proyects/consejo/laravel/tol/vendor/laravel/framework/src/Illuminate/Foundation/Console/Kernel.php(122): Illuminate\\Console\\Application->run(Object(Symfony\\Component\\Console\\Input\\ArgvInput), Object(Symfony\\Component\\Console\\Output\\ConsoleOutput))
#26 /home/darwin/Documents/proyects/consejo/laravel/tol/artisan(37): Illuminate\\Foundation\\Console\\Kernel->handle(Object(Symfony\\Component\\Console\\Input\\ArgvInput), Object(Symfony\\Component\\Console\\Output\\ConsoleOutput))
#27 {main}
"} 
[2019-01-06 20:39:28] local.ERROR: SQLSTATE[HY000]: General error: 1215 Cannot add foreign key constraint (SQL: alter table `noticias` add constraint `noticias_image_id_foreign` foreign key (`image_id`) references `images` (`id`)) {"exception":"[object] (Illuminate\\Database\\QueryException(code: HY000): SQLSTATE[HY000]: General error: 1215 Cannot add foreign key constraint (SQL: alter table `noticias` add constraint `noticias_image_id_foreign` foreign key (`image_id`) references `images` (`id`)) at /home/darwin/Documents/proyects/consejo/laravel/tol/vendor/laravel/framework/src/Illuminate/Database/Connection.php:664, PDOException(code: HY000): SQLSTATE[HY000]: General error: 1215 Cannot add foreign key constraint at /home/darwin/Documents/proyects/consejo/laravel/tol/vendor/laravel/framework/src/Illuminate/Database/Connection.php:458)
[stacktrace]
#0 /home/darwin/Documents/proyects/consejo/laravel/tol/vendor/laravel/framework/src/Illuminate/Database/Connection.php(624): Illuminate\\Database\\Connection->runQueryCallback('alter table `no...', Array, Object(Closure))
#1 /home/darwin/Documents/proyects/consejo/laravel/tol/vendor/laravel/framework/src/Illuminate/Database/Connection.php(459): Illuminate\\Database\\Connection->run('alter table `no...', Array, Object(Closure))
#2 /home/darwin/Documents/proyects/consejo/laravel/tol/vendor/laravel/framework/src/Illuminate/Database/Schema/Blueprint.php(97): Illuminate\\Database\\Connection->statement('alter table `no...')
#3 /home/darwin/Documents/proyects/consejo/laravel/tol/vendor/laravel/framework/src/Illuminate/Database/Schema/Builder.php(264): Illuminate\\Database\\Schema\\Blueprint->build(Object(Illuminate\\Database\\MySqlConnection), Object(Illuminate\\Database\\Schema\\Grammars\\MySqlGrammar))
#4 /home/darwin/Documents/proyects/consejo/laravel/tol/vendor/laravel/framework/src/Illuminate/Database/Schema/Builder.php(165): Illuminate\\Database\\Schema\\Builder->build(Object(Illuminate\\Database\\Schema\\Blueprint))
#5 /home/darwin/Documents/proyects/consejo/laravel/tol/vendor/laravel/framework/src/Illuminate/Support/Facades/Facade.php(223): Illuminate\\Database\\Schema\\Builder->create('noticias', Object(Closure))
#6 /home/darwin/Documents/proyects/consejo/laravel/tol/database/migrations/2019_01_06_195021_create_noticias_table.php(25): Illuminate\\Support\\Facades\\Facade::__callStatic('create', Array)
#7 /home/darwin/Documents/proyects/consejo/laravel/tol/vendor/laravel/framework/src/Illuminate/Database/Migrations/Migrator.php(360): CreateNoticiasTable->up()
#8 /home/darwin/Documents/proyects/consejo/laravel/tol/vendor/laravel/framework/src/Illuminate/Database/Migrations/Migrator.php(367): Illuminate\\Database\\Migrations\\Migrator->Illuminate\\Database\\Migrations\\{closure}()
#9 /home/darwin/Documents/proyects/consejo/laravel/tol/vendor/laravel/framework/src/Illuminate/Database/Migrations/Migrator.php(178): Illuminate\\Database\\Migrations\\Migrator->runMigration(Object(CreateNoticiasTable), 'up')
#10 /home/darwin/Documents/proyects/consejo/laravel/tol/vendor/laravel/framework/src/Illuminate/Database/Migrations/Migrator.php(147): Illuminate\\Database\\Migrations\\Migrator->runUp('/home/darwin/Do...', 6, false)
#11 /home/darwin/Documents/proyects/consejo/laravel/tol/vendor/laravel/framework/src/Illuminate/Database/Migrations/Migrator.php(96): Illuminate\\Database\\Migrations\\Migrator->runPending(Array, Array)
#12 /home/darwin/Documents/proyects/consejo/laravel/tol/vendor/laravel/framework/src/Illuminate/Database/Console/Migrations/MigrateCommand.php(71): Illuminate\\Database\\Migrations\\Migrator->run(Array, Array)
#13 [internal function]: Illuminate\\Database\\Console\\Migrations\\MigrateCommand->handle()
#14 /home/darwin/Documents/proyects/consejo/laravel/tol/vendor/laravel/framework/src/Illuminate/Container/BoundMethod.php(29): call_user_func_array(Array, Array)
#15 /home/darwin/Documents/proyects/consejo/laravel/tol/vendor/laravel/framework/src/Illuminate/Container/BoundMethod.php(87): Illuminate\\Container\\BoundMethod::Illuminate\\Container\\{closure}()
#16 /home/darwin/Documents/proyects/consejo/laravel/tol/vendor/laravel/framework/src/Illuminate/Container/BoundMethod.php(31): Illuminate\\Container\\BoundMethod::callBoundMethod(Object(Illuminate\\Foundation\\Application), Array, Object(Closure))
#17 /home/darwin/Documents/proyects/consejo/laravel/tol/vendor/laravel/framework/src/Illuminate/Container/Container.php(572): Illuminate\\Container\\BoundMethod::call(Object(Illuminate\\Foundation\\Application), Array, Array, NULL)
#18 /home/darwin/Documents/proyects/consejo/laravel/tol/vendor/laravel/framework/src/Illuminate/Console/Command.php(183): Illuminate\\Container\\Container->call(Array)
#19 /home/darwin/Documents/proyects/consejo/laravel/tol/vendor/symfony/console/Command/Command.php(255): Illuminate\\Console\\Command->execute(Object(Symfony\\Component\\Console\\Input\\ArgvInput), Object(Illuminate\\Console\\OutputStyle))
#20 /home/darwin/Documents/proyects/consejo/laravel/tol/vendor/laravel/framework/src/Illuminate/Console/Command.php(170): Symfony\\Component\\Console\\Command\\Command->run(Object(Symfony\\Component\\Console\\Input\\ArgvInput), Object(Illuminate\\Console\\OutputStyle))
#21 /home/darwin/Documents/proyects/consejo/laravel/tol/vendor/symfony/console/Application.php(901): Illuminate\\Console\\Command->run(Object(Symfony\\Component\\Console\\Input\\ArgvInput), Object(Symfony\\Component\\Console\\Output\\ConsoleOutput))
#22 /home/darwin/Documents/proyects/consejo/laravel/tol/vendor/symfony/console/Application.php(262): Symfony\\Component\\Console\\Application->doRunCommand(Object(Illuminate\\Database\\Console\\Migrations\\MigrateCommand), Object(Symfony\\Component\\Console\\Input\\ArgvInput), Object(Symfony\\Component\\Console\\Output\\ConsoleOutput))
#23 /home/darwin/Documents/proyects/consejo/laravel/tol/vendor/symfony/console/Application.php(145): Symfony\\Component\\Console\\Application->doRun(Object(Symfony\\Component\\Console\\Input\\ArgvInput), Object(Symfony\\Component\\Console\\Output\\ConsoleOutput))
#24 /home/darwin/Documents/proyects/consejo/laravel/tol/vendor/laravel/framework/src/Illuminate/Console/Application.php(89): Symfony\\Component\\Console\\Application->run(Object(Symfony\\Component\\Console\\Input\\ArgvInput), Object(Symfony\\Component\\Console\\Output\\ConsoleOutput))
#25 /home/darwin/Documents/proyects/consejo/laravel/tol/vendor/laravel/framework/src/Illuminate/Foundation/Console/Kernel.php(122): Illuminate\\Console\\Application->run(Object(Symfony\\Component\\Console\\Input\\ArgvInput), Object(Symfony\\Component\\Console\\Output\\ConsoleOutput))
#26 /home/darwin/Documents/proyects/consejo/laravel/tol/artisan(37): Illuminate\\Foundation\\Console\\Kernel->handle(Object(Symfony\\Component\\Console\\Input\\ArgvInput), Object(Symfony\\Component\\Console\\Output\\ConsoleOutput))
#27 {main}
"} 
